<?xml version="1.0" encoding="UTF-8"?>
<!-- Generated by org.testng.reporters.JUnitReportReporter -->
<testsuite skipped="0" hostname="DESKTOP-BNBHHR8" name="com.app.runners.CukesRunner" tests="1" failures="0" timestamp="06 Apr 2018 19:50:28 GMT" time="12.779" errors="0">
  <testcase name="runScenario" time="12.779" classname="com.app.runners.CukesRunner"/>
</testsuite> <!-- com.app.runners.CukesRunner -->
